<?xml version="1.0" encoding="UTF-8"?>
<!-- Generated by org.testng.reporters.JUnitReportReporter -->
<testsuite skipped="0" hostname="DESKTOP-95TPVNG" name="com.training.sanity.tests.Assignment1_ELTC_0010_Test" tests="2" failures="0" timestamp="2020-01-30T18:17:16 IST" time="11.636" errors="0">
  <testcase name="validLoginTest" time="6.705" classname="com.training.sanity.tests.Assignment1_ELTC_0010_Test"/>
  <testcase name="searchCourseTest" time="4.931" classname="com.training.sanity.tests.Assignment1_ELTC_0010_Test"/>
</testsuite> <!-- com.training.sanity.tests.Assignment1_ELTC_0010_Test -->
