<?xml version="1.0" encoding="UTF-8"?>
<!-- Generated by org.testng.reporters.JUnitReportReporter -->
<testsuite skipped="0" hostname="DESKTOP-95TPVNG" name="com.training.sanity.tests.Assignment1_ELTC_008_Test" tests="2" failures="0" timestamp="2020-01-30T18:08:23 IST" time="28.866" errors="0">
  <testcase name="validLoginTest" time="7.218" classname="com.training.sanity.tests.Assignment1_ELTC_008_Test"/>
  <testcase name="updateCourseTest" time="21.648" classname="com.training.sanity.tests.Assignment1_ELTC_008_Test"/>
</testsuite> <!-- com.training.sanity.tests.Assignment1_ELTC_008_Test -->
